0 draft content
0 future content
25 pages created
0 non-page files copied
9 paginator pages created
2 tags created
0 categories created
in 231 ms
Watching for changes in /home/geoffm/dev/www/companionway.net/{data,content,layouts,static,themes}
Serving pages from memory
Web Server is available at http://localhost:1313/ (bind address 127.0.0.1)
Press Ctrl+C to stop

Change detected, rebuilding site
2016-12-09 11:13 -0500
Source changed /home/geoffm/dev/www/companionway.net/content/post/4913
Source changed /home/geoffm/dev/www/companionway.net/content/post/Switched-to-Hugo.md
0 draft content
0 future content
25 pages created
0 non-page files copied
18 paginator pages created
2 tags created
0 categories created
in 169 ms
ERROR: 2016/12/09 11:13:49 server.go:121: port 1313 already in use, attempting to use an available port
0 draft content
0 future content
25 pages created
0 non-page files copied
9 paginator pages created
2 tags created
0 categories created
in 334 ms
Watching for changes in /home/geoffm/dev/www/companionway.net/{data,content,layouts,static,themes}
Serving pages from memory
Web Server is available at http://localhost:39577/ (bind address 127.0.0.1)
Press Ctrl+C to stop

Change detected, rebuilding site
2016-12-09 12:03 -0500
Source changed /home/geoffm/dev/www/companionway.net/content/post/4913
Source changed /home/geoffm/dev/www/companionway.net/content/post/Switched-to-Hugo.md
0 draft content
0 future content
25 pages created
0 non-page files copied
18 paginator pages created
2 tags created
0 categories created
in 154 ms

Change detected, rebuilding site
2016-12-09 12:03 -0500
Source changed /home/geoffm/dev/www/companionway.net/content/post/4913
Source changed /home/geoffm/dev/www/companionway.net/content/post/Switched-to-Hugo.md
0 draft content
0 future content
25 pages created
0 non-page files copied
27 paginator pages created
2 tags created
0 categories created
in 168 ms

Change detected, rebuilding site
2016-12-09 17:05 -0500
Source changed /home/geoffm/dev/www/companionway.net/content/post/4913
Source changed /home/geoffm/dev/www/companionway.net/content/post/Switched-to-Hugo.md

Change detected, rebuilding site
2016-12-09 17:05 -0500
Source changed /home/geoffm/dev/www/companionway.net/content/post/4913
Source changed /home/geoffm/dev/www/companionway.net/content/post/Switched-to-Hugo.md
0 draft content
0 future content
25 pages created
0 non-page files copied
27 paginator pages created
2 tags created
0 categories created
in 263 ms
0 draft content
0 future content
25 pages created
0 non-page files copied
36 paginator pages created
2 tags created
0 categories created
in 143 ms

Static file changes detected
2016-12-10 06:36 -0500
Syncing /img/rpi-cropped.jpg to /

Static file changes detected
2016-12-10 06:36 -0500
Syncing /img/rpi-cropped.jpg to /

Static file changes detected
2016-12-10 06:46 -0500
Syncing /img/converseen-sshot.png to /

Static file changes detected
2016-12-10 06:47 -0500
Syncing /img/converseen-sshot.png to /

Static file changes detected
2016-12-10 06:47 -0500
Syncing /img/toolbox.jpg to /

Static file changes detected
2016-12-10 06:47 -0500
Syncing /img/toolbox.jpg to /

Static file changes detected
2016-12-10 06:47 -0500
Syncing /img/resolver.jpg to /

Static file changes detected
2016-12-10 06:47 -0500
Syncing /img/resolver.jpg to /

Static file changes detected
2016-12-10 06:48 -0500
Syncing /img/gwm-n-jjm2014.jpg to /

Static file changes detected
2016-12-10 06:48 -0500
Syncing /img/gwm-n-jjm2014.jpg to /

Static file changes detected
2016-12-10 06:48 -0500
Syncing /img/chain-n-anchor-cropped.jpg to /

Static file changes detected
2016-12-10 06:48 -0500
Syncing /img/chain-n-anchor-cropped.jpg to /

Change detected, rebuilding site
2016-12-10 20:38 -0500
Source changed /home/geoffm/dev/www/companionway.net/content/post/recursive-replace-text.md

Change detected, rebuilding site
2016-12-10 20:38 -0500
Source changed /home/geoffm/dev/www/companionway.net/content/post/recursive-replace-text.md
0 draft content
0 future content
26 pages created
0 non-page files copied
36 paginator pages created
2 tags created
0 categories created
in 305 ms
0 draft content
0 future content
26 pages created
0 non-page files copied
45 paginator pages created
2 tags created
0 categories created
in 178 ms

Change detected, rebuilding site
2016-12-10 20:44 -0500
Source changed /home/geoffm/dev/www/companionway.net/content/post/4913
Source changed /home/geoffm/dev/www/companionway.net/content/post/recursive-replace-text.md
0 draft content
0 future content
26 pages created
0 non-page files copied
45 paginator pages created
2 tags created
0 categories created
in 169 ms

Change detected, rebuilding site
2016-12-10 20:44 -0500
Source changed /home/geoffm/dev/www/companionway.net/content/post/4913
Source changed /home/geoffm/dev/www/companionway.net/content/post/recursive-replace-text.md
0 draft content
0 future content
26 pages created
0 non-page files copied
54 paginator pages created
2 tags created
0 categories created
in 142 ms
